<?xml version="1.0" encoding="UTF-8"?>
<coverage generated="1582248622846" clover="3.2.0">
  <project timestamp="1582248622846" name="All files">
    <metrics statements="26" coveredstatements="9" conditionals="4" coveredconditionals="0" methods="4" coveredmethods="1" elements="34" coveredelements="10" complexity="0" loc="26" ncloc="26" packages="1" files="1" classes="1"/>
    <file name="User.js" path="/Users/joelpatrickdurham/alchemy/career-track/commit-kitty/Commit-Kitty-BE/lib/models/User.js">
      <metrics statements="26" coveredstatements="9" conditionals="4" coveredconditionals="0" methods="4" coveredmethods="1"/>
      <line num="1" count="1" type="stmt"/>
      <line num="2" count="1" type="stmt"/>
      <line num="3" count="1" type="stmt"/>
      <line num="5" count="1" type="stmt"/>
      <line num="27" count="0" type="stmt"/>
      <line num="32" count="1" type="stmt"/>
      <line num="33" count="1" type="stmt"/>
      <line num="36" count="1" type="stmt"/>
      <line num="37" count="0" type="stmt"/>
      <line num="38" count="0" type="stmt"/>
      <line num="39" count="0" type="stmt"/>
      <line num="45" count="0" type="stmt"/>
      <line num="46" count="0" type="stmt"/>
      <line num="50" count="1" type="stmt"/>
      <line num="51" count="0" type="stmt"/>
      <line num="52" count="0" type="cond" truecount="0" falsecount="2"/>
      <line num="53" count="0" type="stmt"/>
      <line num="54" count="0" type="stmt"/>
      <line num="55" count="0" type="stmt"/>
      <line num="58" count="0" type="stmt"/>
      <line num="59" count="0" type="cond" truecount="0" falsecount="2"/>
      <line num="60" count="0" type="stmt"/>
      <line num="61" count="0" type="stmt"/>
      <line num="62" count="0" type="stmt"/>
      <line num="64" count="0" type="stmt"/>
      <line num="68" count="1" type="stmt"/>
    </file>
  </project>
</coverage>
