{"/Users/Tess/alchemy/career-track/final-project/Commit-Kitty-BE/lib/models/Group.js": {"path":"/Users/Tess/alchemy/career-track/final-project/Commit-Kitty-BE/lib/models/Group.js","statementMap":{"0":{"start":{"line":1,"column":17},"end":{"line":1,"column":36}},"1":{"start":{"line":3,"column":24},"end":{"line":9,"column":2}},"2":{"start":{"line":11,"column":15},"end":{"line":35,"column":2}},"3":{"start":{"line":29,"column":8},"end":{"line":29,"column":38}},"4":{"start":{"line":38,"column":0},"end":{"line":38,"column":49}}},"fnMap":{"0":{"name":"(anonymous_0)","decl":{"start":{"line":28,"column":17},"end":{"line":28,"column":18}},"loc":{"start":{"line":28,"column":39},"end":{"line":30,"column":7}},"line":28}},"branchMap":{},"s":{"0":1,"1":1,"2":1,"3":1,"4":1},"f":{"0":1},"b":{},"_coverageSchema":"1a1c01bbd47fc00a2c39e90264f33305004495a9","hash":"47f2a8da2f1cb55f88aa86f5cf7eade50a9ef9b3"}
}
